{
  "numTotalTestSuites": 1,
  "numTotalTests": 2,
  "numPassedTests": 1,
  "numFailedTests": 1,
  "success": false,
  "testResults": [
    {
      "name": "C:/repo/src/math.test.ts",
      "status": "failed",
      "assertionResults": [
        {
          "ancestorTitles": ["add"],
          "title": "回傳兩數之和",
          "fullName": "add 回傳兩數之和",
          "status": "passed",
          "failureMessages": [],
          "location": { "line": 4, "column": 3 }
        },
        {
          "ancestorTitles": ["add"],
          "title": "處理負數相加",
          "fullName": "add 處理負數相加",
          "status": "failed",
          "failureMessages": [
            "AssertionError: expected -1 to be 1 // Object.is equality\n    at C:/repo/src/math.test.ts:9:21"
          ],
          "location": { "line": 9, "column": 3 }
        }
      ]
    }
  ]
}
